<?xml version="1.0" encoding="UTF-8"?>
<testng-results ignored="0" total="1" passed="1" failed="0" skipped="0">
  <reporter-output>
  </reporter-output>
  <suite started-at="2024-08-03T17:34:27 IST" name="Default suite" finished-at="2024-08-03T17:34:29 IST" duration-ms="2313">
    <groups>
    </groups>
    <test started-at="2024-08-03T17:34:27 IST" name="Default test" finished-at="2024-08-03T17:34:29 IST" duration-ms="2313">
      <class name="propertyFile">
        <test-method signature="postMethod()[pri:1, instance:propertyFile@72e5a8e]" started-at="2024-08-03T17:34:27 IST" name="postMethod" finished-at="2024-08-03T17:34:29 IST" duration-ms="2272" status="PASS">
          <reporter-output>
          </reporter-output>
        </test-method> <!-- postMethod -->
      </class> <!-- propertyFile -->
    </test> <!-- Default test -->
  </suite> <!-- Default suite -->
</testng-results>
